[20:19:42.01] Debug: Running build Release_2022.2.0_2378 on windows
[20:19:42.02] Info: Starting initialize.
[20:19:42.02] Info: Ending initialize.
[20:19:42.02] Info: Starting iteration 1.
[20:19:42.03] Info: WebRequest [Id: 1] 'http://edgedl.me.gvt1.com/edgedl/chromewebstore/L2Nocm9tZV9leHRlbnNpb24vYmxvYnMvYjFkQUFWdmlaXy12MHFUTGhWQUViMUVlUQ/0.57.44.2492_hnimpnehoodheedghdeeijklkeaacbdc.crx' registered to send (sync).	(./main.js:21:8)
[20:19:42.03] Trace: Request [Id: 1] 'http://edgedl.me.gvt1.com/edgedl/chromewebstore/L2Nocm9tZV9leHRlbnNpb24vYmxvYnMvYjFkQUFWdmlaXy12MHFUTGhWQUViMUVlUQ/0.57.44.2492_hnimpnehoodheedghdeeijklkeaacbdc.crx': 
GET /edgedl/chromewebstore/L2Nocm9tZV9leHRlbnNpb24vYmxvYnMvYjFkQUFWdmlaXy12MHFUTGhWQUViMUVlUQ/0.57.44.2492_hnimpnehoodheedghdeeijklkeaacbdc.crx HTTP/1.1
Host: edgedl.me.gvt1.com
User-Agent: Microsoft BITS/7.8
Accept: */*
Accept-Encoding: identity
If-Unmodified-Since: Wed, 10 Oct 2018 17:49:21 GMT
Proxy-Connection: Keep-Alive
Range: bytes=189023-431021


[20:19:42.03] Debug: Request [Id: 1]: GET 'http://edgedl.me.gvt1.com/edgedl/chromewebstore/L2Nocm9tZV9leHRlbnNpb24vYmxvYnMvYjFkQUFWdmlaXy12MHFUTGhWQUViMUVlUQ/0.57.44.2492_hnimpnehoodheedghdeeijklkeaacbdc.crx' started.
[20:19:42.05] Trace: Request [Id: 1]: Connecting tcp socket to host 34.104.35.123:80.
[20:19:42.09] Trace: Request [Id: 1]: Connection to host 34.104.35.123:80 done.
[20:19:42.09] Trace: Request [Id: 1]: New connection from 192.168.228.159:52046 to 34.104.35.123:80 in 41 ms.
[20:19:42.14] Debug: Request [Id: 1]: GET 'http://edgedl.me.gvt1.com/edgedl/chromewebstore/L2Nocm9tZV9leHRlbnNpb24vYmxvYnMvYjFkQUFWdmlaXy12MHFUTGhWQUViMUVlUQ/0.57.44.2492_hnimpnehoodheedghdeeijklkeaacbdc.crx' done. Status 206 Partial Content. HTTP/1.1
[20:19:42.14] Trace: Response 'http://edgedl.me.gvt1.com/edgedl/chromewebstore/L2Nocm9tZV9leHRlbnNpb24vYmxvYnMvYjFkQUFWdmlaXy12MHFUTGhWQUViMUVlUQ/0.57.44.2492_hnimpnehoodheedghdeeijklkeaacbdc.crx': 
HTTP/1.1 206 Partial Content
Content-Length: 241999
Accept-Ranges: bytes
Age: 36812
Alt-Svc: h3=":443"; ma=2592000, h3-29=":443"; ma=2592000
Cache-Control: public,max-age=86400
Content-Disposition: attachment
Content-Range: bytes 189023-431021/6760942
Content-Security-Policy: default-src 'none'
Content-Type: application/x-chrome-extension
Date: Sun, 16 Apr 2023 10:06:10 GMT
Etag: "2e2fe7"
Last-Modified: Wed, 10 Oct 2018 17:49:21 GMT
Server: Google-Edge-Cache
X-Content-Type-Options: nosniff
X-Frame-Options: SAMEORIGIN
X-Request-Id: 96073eeb-0d02-4e5e-8437-4477761606bd
X-Xss-Protection: 0


[20:19:42.24] Trace: Request [Id: 1.1] 'http://edgedl.me.gvt1.com/edgedl/chromewebstore/L2Nocm9tZV9leHRlbnNpb24vYmxvYnMvYjFkQUFWdmlaXy12MHFUTGhWQUViMUVlUQ/0.57.44.2492_hnimpnehoodheedghdeeijklkeaacbdc.crx': 
GET /edgedl/chromewebstore/L2Nocm9tZV9leHRlbnNpb24vYmxvYnMvYjFkQUFWdmlaXy12MHFUTGhWQUViMUVlUQ/0.57.44.2492_hnimpnehoodheedghdeeijklkeaacbdc.crx HTTP/1.1
Host: edgedl.me.gvt1.com
User-Agent: Microsoft BITS/7.8
Accept: */*
Accept-Encoding: identity
If-Unmodified-Since: Wed, 10 Oct 2018 17:49:21 GMT
Proxy-Connection: Keep-Alive
Range: bytes=189023-431021
Referer: http://edgedl.me.gvt1.com/edgedl/chromewebstore/L2Nocm9tZV9leHRlbnNpb24vYmxvYnMvYjFkQUFWdmlaXy12MHFUTGhWQUViMUVlUQ/0.57.44.2492_hnimpnehoodheedghdeeijklkeaacbdc.crx


[20:19:42.24] Debug: Request [Id: 1.1]: GET 'http://edgedl.me.gvt1.com/edgedl/chromewebstore/L2Nocm9tZV9leHRlbnNpb24vYmxvYnMvYjFkQUFWdmlaXy12MHFUTGhWQUViMUVlUQ/0.57.44.2492_hnimpnehoodheedghdeeijklkeaacbdc.crx' started.
[20:19:42.24] Trace: Request [Id: 1.1]: Using existing connection from 192.168.228.159:52046 to 34.104.35.123:80.
[20:19:42.29] Debug: Request [Id: 1.1]: GET 'http://edgedl.me.gvt1.com/edgedl/chromewebstore/L2Nocm9tZV9leHRlbnNpb24vYmxvYnMvYjFkQUFWdmlaXy12MHFUTGhWQUViMUVlUQ/0.57.44.2492_hnimpnehoodheedghdeeijklkeaacbdc.crx' done. Status 206 Partial Content. HTTP/1.1
[20:19:42.29] Trace: Response 'http://edgedl.me.gvt1.com/edgedl/chromewebstore/L2Nocm9tZV9leHRlbnNpb24vYmxvYnMvYjFkQUFWdmlaXy12MHFUTGhWQUViMUVlUQ/0.57.44.2492_hnimpnehoodheedghdeeijklkeaacbdc.crx': 
HTTP/1.1 206 Partial Content
Content-Length: 241999
Accept-Ranges: bytes
Age: 36812
Alt-Svc: h3=":443"; ma=2592000, h3-29=":443"; ma=2592000
Cache-Control: public,max-age=86400
Content-Disposition: attachment
Content-Range: bytes 189023-431021/6760942
Content-Security-Policy: default-src 'none'
Content-Type: application/x-chrome-extension
Date: Sun, 16 Apr 2023 10:06:10 GMT
Etag: "2e2fe7"
Last-Modified: Wed, 10 Oct 2018 17:49:21 GMT
Server: Google-Edge-Cache
X-Content-Type-Options: nosniff
X-Frame-Options: SAMEORIGIN
X-Request-Id: 124de743-fb98-4163-9728-8ebab2e26e12
X-Xss-Protection: 0


[20:19:42.31] Info: WebRequest [Id: 1] 'http://edgedl.me.gvt1.com/edgedl/chromewebstore/L2Nocm9tZV9leHRlbnNpb24vYmxvYnMvYjFkQUFWdmlaXy12MHFUTGhWQUViMUVlUQ/0.57.44.2492_hnimpnehoodheedghdeeijklkeaacbdc.crx' completed. (2 request(s) sent, 485226 bytes downloaded)	(./main.js:21:8)
[20:19:42.32] Info: WebRequest [Id: 2] 'http://nimbusserver:8000/' registered to send (sync).	(./main.js:39:8)
[20:19:42.32] Trace: Request [Id: 2] 'http://nimbusserver:8000/': 
GET / HTTP/1.1
Host: nimbusserver:8000
User-Agent: Mozilla/5.0 (Windows NT 10.0; Win64; x64) AppleWebKit/537.36 (KHTML, like Gecko) Chrome/112.0.0.0 Safari/537.36
Accept: text/html,application/xhtml+xml,application/xml;q=0.9,image/avif,image/webp,image/apng,*/*;q=0.8,application/signed-exchange;v=b3;q=0.7
Accept-Encoding: gzip, deflate
Accept-Language: en-US,en;q=0.9
Proxy-Connection: keep-alive
Upgrade-Insecure-Requests: 1


[20:19:42.32] Debug: Request [Id: 2]: GET 'http://nimbusserver:8000/' started.
[20:19:42.32] Trace: Request [Id: 2]: Connecting tcp socket to host 192.168.228.137:8000.
[20:19:42.32] Trace: Request [Id: 2]: Connection to host 192.168.228.137:8000 done.
[20:19:42.32] Trace: Request [Id: 2]: New connection from 192.168.228.159:52047 to 192.168.228.137:8000 in 0 ms.
[20:19:42.33] Debug: Request [Id: 2]: GET 'http://nimbusserver:8000/' done. Status 200 . HTTP/1.1
[20:19:42.33] Trace: Response 'http://nimbusserver:8000/': 
HTTP/1.1 200 
Transfer-Encoding: chunked
Accept-Ranges: bytes
Cache-Control: max-age=0
Content-Encoding: gzip
Content-Type: text/html
Date: Sun, 16 Apr 2023 20:19:42 GMT
Etag: W/"10827-1681323514000"
Expires: Sun, 16 Apr 2023 20:19:42 GMT
Keep-Alive: timeout=20
Last-Modified: Wed, 12 Apr 2023 18:18:34 GMT
Vary: accept-encoding


[20:19:42.33] Trace: Request [Id: 2.2] 'http://nimbusserver:8000/main.min.js': 
GET /main.min.js HTTP/1.1
Host: nimbusserver:8000
User-Agent: Mozilla/5.0 (Windows NT 10.0; Win64; x64) AppleWebKit/537.36 (KHTML, like Gecko) Chrome/112.0.0.0 Safari/537.36
Accept: text/html,application/xhtml+xml,application/xml;q=0.9,image/avif,image/webp,image/apng,*/*;q=0.8,application/signed-exchange;v=b3;q=0.7
Accept-Encoding: gzip, deflate
Accept-Language: en-US,en;q=0.9
Proxy-Connection: keep-alive
Referer: http://nimbusserver:8000/
Upgrade-Insecure-Requests: 1


[20:19:42.33] Trace: Request [Id: 2.1] 'http://nimbusserver:8000/vendor/requirejs/require.js': 
GET /vendor/requirejs/require.js HTTP/1.1
Host: nimbusserver:8000
User-Agent: Mozilla/5.0 (Windows NT 10.0; Win64; x64) AppleWebKit/537.36 (KHTML, like Gecko) Chrome/112.0.0.0 Safari/537.36
Accept: text/html,application/xhtml+xml,application/xml;q=0.9,image/avif,image/webp,image/apng,*/*;q=0.8,application/signed-exchange;v=b3;q=0.7
Accept-Encoding: gzip, deflate
Accept-Language: en-US,en;q=0.9
Proxy-Connection: keep-alive
Referer: http://nimbusserver:8000/
Upgrade-Insecure-Requests: 1


[20:19:42.33] Debug: Request [Id: 2.1]: GET 'http://nimbusserver:8000/vendor/requirejs/require.js' started.
[20:19:42.33] Debug: Request [Id: 2.2]: GET 'http://nimbusserver:8000/main.min.js' started.
[20:19:42.33] Trace: Request [Id: 2.1]: Using existing connection from 192.168.228.159:52047 to 192.168.228.137:8000.
[20:19:42.33] Trace: Request [Id: 2.2]: Connecting tcp socket to host 192.168.228.137:8000.
[20:19:42.33] Trace: Request [Id: 2.2]: Connection to host 192.168.228.137:8000 done.
[20:19:42.33] Trace: Request [Id: 2.2]: New connection from 192.168.228.159:52048 to 192.168.228.137:8000 in 0 ms.
[20:19:42.33] Debug: Request [Id: 2.1]: GET 'http://nimbusserver:8000/vendor/requirejs/require.js' done. Status 200 . HTTP/1.1
[20:19:42.34] Trace: Response 'http://nimbusserver:8000/vendor/requirejs/require.js': 
HTTP/1.1 200 
Transfer-Encoding: chunked
Accept-Ranges: bytes
Cache-Control: max-age=600
Content-Encoding: gzip
Content-Type: application/javascript
Date: Sun, 16 Apr 2023 20:19:42 GMT
Etag: W/"85921-1676411682000"
Expires: Sun, 16 Apr 2023 20:29:42 GMT
Keep-Alive: timeout=20
Last-Modified: Tue, 14 Feb 2023 21:54:42 GMT
Vary: accept-encoding


[20:19:42.34] Debug: Request [Id: 2.2]: GET 'http://nimbusserver:8000/main.min.js' done. Status 200 . HTTP/1.1
[20:19:42.34] Trace: Response 'http://nimbusserver:8000/main.min.js': 
HTTP/1.1 200 
Transfer-Encoding: chunked
Accept-Ranges: bytes
Cache-Control: max-age=600
Content-Encoding: gzip
Content-Type: application/javascript
Date: Sun, 16 Apr 2023 20:19:42 GMT
Etag: W/"1137470-1681323514000"
Expires: Sun, 16 Apr 2023 20:29:42 GMT
Keep-Alive: timeout=20
Last-Modified: Wed, 12 Apr 2023 18:18:34 GMT
Vary: accept-encoding


[20:19:42.37] Info: WebRequest [Id: 2] 'http://nimbusserver:8000/' completed. (3 request(s) sent, 290297 bytes downloaded)	(./main.js:39:8)
[20:19:42.37] Info: WebRequest [Id: 3] 'http://nimbusserver:8000/services.properties' registered to send (sync).	(./main.js:53:8)
[20:19:42.37] Trace: Request [Id: 3] 'http://nimbusserver:8000/services.properties': 
GET /services.properties HTTP/1.1
Host: nimbusserver:8000
User-Agent: Mozilla/5.0 (Windows NT 10.0; Win64; x64) AppleWebKit/537.36 (KHTML, like Gecko) Chrome/112.0.0.0 Safari/537.36
Accept: */*
Accept-Encoding: gzip, deflate
Accept-Language: en-US,en;q=0.9
Proxy-Connection: keep-alive
Referer: http://nimbusserver:8000/


[20:19:42.37] Debug: Request [Id: 3]: GET 'http://nimbusserver:8000/services.properties' started.
[20:19:42.37] Trace: Request [Id: 3]: Using existing connection from 192.168.228.159:52048 to 192.168.228.137:8000.
[20:19:42.38] Debug: Request [Id: 3]: GET 'http://nimbusserver:8000/services.properties' done. Status 200 . HTTP/1.1
[20:19:42.38] Trace: Response 'http://nimbusserver:8000/services.properties': 
HTTP/1.1 200 
Transfer-Encoding: chunked
Accept-Ranges: bytes
Cache-Control: max-age=0
Date: Sun, 16 Apr 2023 20:19:42 GMT
Etag: W/"1055-1681323526000"
Expires: Sun, 16 Apr 2023 20:19:42 GMT
Keep-Alive: timeout=20
Last-Modified: Wed, 12 Apr 2023 18:18:46 GMT


[20:19:42.38] Info: WebRequest [Id: 3] 'http://nimbusserver:8000/services.properties' completed. (1 request(s) sent, 269 bytes downloaded)	(./main.js:53:8)
[20:19:42.38] Info: WebRequest [Id: 4] 'http://nimbusserver.aos.com:8002/catalog/api/v1/DemoAppConfig/parameters/by_tool/ALL' registered to send (sync).	(./main.js:68:8)
[20:19:42.38] Trace: Request [Id: 4] 'http://nimbusserver.aos.com:8002/catalog/api/v1/DemoAppConfig/parameters/by_tool/ALL': 
GET /catalog/api/v1/DemoAppConfig/parameters/by_tool/ALL HTTP/1.1
Host: nimbusserver.aos.com:8002
User-Agent: Mozilla/5.0 (Windows NT 10.0; Win64; x64) AppleWebKit/537.36 (KHTML, like Gecko) Chrome/112.0.0.0 Safari/537.36
Accept: application/json, text/plain, */*
Accept-Encoding: gzip, deflate
Accept-Language: en-US,en;q=0.9
Origin: http://nimbusserver:8000
Proxy-Connection: keep-alive
Referer: http://nimbusserver:8000/


[20:19:42.38] Debug: Request [Id: 4]: GET 'http://nimbusserver.aos.com:8002/catalog/api/v1/DemoAppConfig/parameters/by_tool/ALL' started.
[20:19:42.38] Trace: Request [Id: 4]: Connecting tcp socket to host 192.168.228.137:8002.
[20:19:42.38] Trace: Request [Id: 4]: Connection to host 192.168.228.137:8002 done.
[20:19:42.38] Trace: Request [Id: 4]: New connection from 192.168.228.159:52049 to 192.168.228.137:8002 in 0 ms.
[20:19:42.39] Debug: Request [Id: 4]: GET 'http://nimbusserver.aos.com:8002/catalog/api/v1/DemoAppConfig/parameters/by_tool/ALL' done. Status 200 . HTTP/1.1
[20:19:42.39] Trace: Response 'http://nimbusserver.aos.com:8002/catalog/api/v1/DemoAppConfig/parameters/by_tool/ALL': 
HTTP/1.1 200 
Transfer-Encoding: chunked
Access-Control-Allow-Credentials: true
Access-Control-Allow-Origin: http://nimbusserver:8000
Cache-Control: no-store
Content-Encoding: gzip
Content-Type: application/json
Date: Sun, 16 Apr 2023 20:19:42 GMT
Expires: 0
Vary: accept-encoding,origin,accept-encoding
X-Content-Type-Options: nosniff
X-Frame-Options: DENY
X-Xss-Protection: 1; mode=block


[20:19:42.39] Info: WebRequest [Id: 4] 'http://nimbusserver.aos.com:8002/catalog/api/v1/DemoAppConfig/parameters/by_tool/ALL' completed. (1 request(s) sent, 404 bytes downloaded)	(./main.js:68:8)
[20:19:42.40] Info: WebRequest [Id: 5] 'http://nimbusserver.aos.com:8001//accountservice/ws/GetAccountConfigurationRequest' registered to send (sync).	(./main.js:86:8)
[20:19:42.40] Trace: Request [Id: 5] 'http://nimbusserver.aos.com:8001//accountservice/ws/GetAccountConfigurationRequest': 
OPTIONS //accountservice/ws/GetAccountConfigurationRequest HTTP/1.1
Host: nimbusserver.aos.com:8001
User-Agent: Mozilla/5.0 (Windows NT 10.0; Win64; x64) AppleWebKit/537.36 (KHTML, like Gecko) Chrome/112.0.0.0 Safari/537.36
Accept: */*
Accept-Encoding: gzip, deflate
Accept-Language: en-US,en;q=0.9
Access-Control-Request-Headers: content-type,soapaction
Access-Control-Request-Method: POST
Origin: http://nimbusserver:8000
Proxy-Connection: keep-alive
Referer: http://nimbusserver:8000/
Sec-Fetch-Mode: cors


[20:19:42.40] Debug: Request [Id: 5]: OPTIONS 'http://nimbusserver.aos.com:8001//accountservice/ws/GetAccountConfigurationRequest' started.
[20:19:42.40] Trace: Request [Id: 5]: Connecting tcp socket to host 192.168.228.137:8001.
[20:19:42.40] Trace: Request [Id: 5]: Connection to host 192.168.228.137:8001 done.
[20:19:42.40] Trace: Request [Id: 5]: New connection from 192.168.228.159:52050 to 192.168.228.137:8001 in 0 ms.
[20:19:42.40] Debug: Request [Id: 5]: OPTIONS 'http://nimbusserver.aos.com:8001//accountservice/ws/GetAccountConfigurationRequest' done. Status 200 . HTTP/1.1
[20:19:42.40] Trace: Response 'http://nimbusserver.aos.com:8001//accountservice/ws/GetAccountConfigurationRequest': 
HTTP/1.1 200 
Transfer-Encoding: chunked
Access-Control-Allow-Headers: Origin, X-Requested-With, Content-Type, Accept, Key, soapaction
Access-Control-Allow-Methods: POST, GET, OPTIONS, DELETE
Access-Control-Allow-Origin: *
Access-Control-Max-Age: 3600
Access-Control-Request-Method: POST, GET, OPTIONS, DELETE
Cache-Control: no-store
Date: Sun, 16 Apr 2023 20:19:42 GMT
Expires: 0
Pragma: no-cache
X-Content-Type-Options: nosniff
X-Frame-Options: DENY
X-Xss-Protection: 1; mode=block


[20:19:42.40] Info: WebRequest [Id: 5] 'http://nimbusserver.aos.com:8001//accountservice/ws/GetAccountConfigurationRequest' completed. (1 request(s) sent, 499 bytes downloaded)	(./main.js:86:8)
[20:19:42.40] Info: WebRequest [Id: 6] 'http://nimbusserver.aos.com:8001//accountservice/ws/GetAccountConfigurationRequest' registered to send (sync).	(./main.js:108:8)
[20:19:42.40] Trace: Request [Id: 6] 'http://nimbusserver.aos.com:8001//accountservice/ws/GetAccountConfigurationRequest': 
POST //accountservice/ws/GetAccountConfigurationRequest HTTP/1.1
Host: nimbusserver.aos.com:8001
User-Agent: Mozilla/5.0 (Windows NT 10.0; Win64; x64) AppleWebKit/537.36 (KHTML, like Gecko) Chrome/112.0.0.0 Safari/537.36
Content-Length: 421
Accept: application/xml, text/xml, */*; q=0.01
Accept-Encoding: gzip, deflate
Accept-Language: en-US,en;q=0.9
Content-Type: text/xml; charset=UTF-8
Origin: http://nimbusserver:8000
Proxy-Connection: keep-alive
Referer: http://nimbusserver:8000/
Soapaction: com.advantage.online.store.accountserviceGetAccountConfigurationRequest

<?xml version="1.0" encoding="UTF-8"?>        <soap:Envelope xmlns:soap="http://schemas.xmlsoap.org/soap/envelope/" xmlns:xsi="http://www.w3.org/2001/XMLSchema-instance" xmlns:xsd="http://www.w3.org/2001/XMLSchema">
            <soap:Body>
                <GetAccountConfigurationRequest xmlns="com.advantage.online.store.accountservice"></GetAccountConfigurationRequest>
            </soap:Body>
        </soap:Envelope>
[20:19:42.40] Debug: Request [Id: 6]: POST 'http://nimbusserver.aos.com:8001//accountservice/ws/GetAccountConfigurationRequest' started.
[20:19:42.40] Trace: Request [Id: 6]: Using existing connection from 192.168.228.159:52050 to 192.168.228.137:8001.
[20:19:42.42] Debug: Request [Id: 6]: POST 'http://nimbusserver.aos.com:8001//accountservice/ws/GetAccountConfigurationRequest' done. Status 200 . HTTP/1.1
[20:19:42.42] Trace: Response 'http://nimbusserver.aos.com:8001//accountservice/ws/GetAccountConfigurationRequest': 
HTTP/1.1 200 
Content-Length: 823
Accept: text/xml, text/html, image/gif, image/jpeg, *; q=.2, */*; q=.2
Access-Control-Allow-Headers: Origin, X-Requested-With, Content-Type, Accept, Key, soapaction
Access-Control-Allow-Methods: POST, GET, OPTIONS, DELETE
Access-Control-Allow-Origin: *
Access-Control-Max-Age: 3600
Access-Control-Request-Method: POST, GET, OPTIONS, DELETE
Cache-Control: no-store
Content-Type: text/xml;charset=utf-8
Date: Sun, 16 Apr 2023 20:19:42 GMT
Expires: 0
Pragma: no-cache
Soapaction: ""
X-Content-Type-Options: nosniff
X-Frame-Options: DENY
X-Xss-Protection: 1; mode=block


[20:19:42.42] Info: WebRequest [Id: 6] 'http://nimbusserver.aos.com:8001//accountservice/ws/GetAccountConfigurationRequest' completed. (1 request(s) sent, 1442 bytes downloaded)	(./main.js:108:8)
[20:19:42.42] Info: WebRequest [Id: 7] 'http://nimbusserver.aos.com:8002/catalog/api/v1/categories' registered to send (sync).	(./main.js:123:8)
[20:19:42.42] Trace: Request [Id: 7] 'http://nimbusserver.aos.com:8002/catalog/api/v1/categories': 
GET /catalog/api/v1/categories HTTP/1.1
Host: nimbusserver.aos.com:8002
User-Agent: Mozilla/5.0 (Windows NT 10.0; Win64; x64) AppleWebKit/537.36 (KHTML, like Gecko) Chrome/112.0.0.0 Safari/537.36
Accept: application/json, text/plain, */*
Accept-Encoding: gzip, deflate
Accept-Language: en-US,en;q=0.9
Origin: http://nimbusserver:8000
Proxy-Connection: keep-alive
Referer: http://nimbusserver:8000/


[20:19:42.42] Debug: Request [Id: 7]: GET 'http://nimbusserver.aos.com:8002/catalog/api/v1/categories' started.
[20:19:42.42] Trace: Request [Id: 7]: Using existing connection from 192.168.228.159:52049 to 192.168.228.137:8002.
[20:19:42.46] Debug: Request [Id: 7]: GET 'http://nimbusserver.aos.com:8002/catalog/api/v1/categories' done. Status 200 . HTTP/1.1
[20:19:42.46] Trace: Response 'http://nimbusserver.aos.com:8002/catalog/api/v1/categories': 
HTTP/1.1 200 
Transfer-Encoding: chunked
Access-Control-Allow-Credentials: true
Access-Control-Allow-Origin: http://nimbusserver:8000
Cache-Control: no-store
Content-Encoding: gzip
Content-Type: application/json
Date: Sun, 16 Apr 2023 20:19:42 GMT
Expires: 0
Vary: accept-encoding,origin,accept-encoding
X-Content-Type-Options: nosniff
X-Frame-Options: DENY
X-Xss-Protection: 1; mode=block


[20:19:42.46] Info: WebRequest [Id: 7] 'http://nimbusserver.aos.com:8002/catalog/api/v1/categories' completed. (1 request(s) sent, 404 bytes downloaded)	(./main.js:123:8)
[20:19:42.46] Info: WebRequest [Id: 8] 'http://nimbusserver.aos.com:8002/catalog/api/v1/deals/search' registered to send (sync).	(./main.js:141:8)
[20:19:42.46] Trace: Request [Id: 8] 'http://nimbusserver.aos.com:8002/catalog/api/v1/deals/search?dealOfTheDay=true': 
GET /catalog/api/v1/deals/search?dealOfTheDay=true HTTP/1.1
Host: nimbusserver.aos.com:8002
User-Agent: Mozilla/5.0 (Windows NT 10.0; Win64; x64) AppleWebKit/537.36 (KHTML, like Gecko) Chrome/112.0.0.0 Safari/537.36
Accept: application/json, text/plain, */*
Accept-Encoding: gzip, deflate
Accept-Language: en-US,en;q=0.9
Origin: http://nimbusserver:8000
Proxy-Connection: keep-alive
Referer: http://nimbusserver:8000/


[20:19:42.46] Debug: Request [Id: 8]: GET 'http://nimbusserver.aos.com:8002/catalog/api/v1/deals/search?dealOfTheDay=true' started.
[20:19:42.46] Trace: Request [Id: 8]: Using existing connection from 192.168.228.159:52049 to 192.168.228.137:8002.
[20:19:42.50] Debug: Request [Id: 8]: GET 'http://nimbusserver.aos.com:8002/catalog/api/v1/deals/search?dealOfTheDay=true' done. Status 200 . HTTP/1.1
[20:19:42.50] Trace: Response 'http://nimbusserver.aos.com:8002/catalog/api/v1/deals/search?dealOfTheDay=true': 
HTTP/1.1 200 
Transfer-Encoding: chunked
Access-Control-Allow-Credentials: true
Access-Control-Allow-Origin: http://nimbusserver:8000
Cache-Control: no-store
Content-Encoding: gzip
Content-Type: application/json
Date: Sun, 16 Apr 2023 20:19:42 GMT
Expires: 0
Vary: accept-encoding,origin,accept-encoding
X-Content-Type-Options: nosniff
X-Frame-Options: DENY
X-Xss-Protection: 1; mode=block


[20:19:42.50] Info: WebRequest [Id: 8] 'http://nimbusserver.aos.com:8002/catalog/api/v1/deals/search' completed. (1 request(s) sent, 404 bytes downloaded)	(./main.js:141:8)
[20:19:42.50] Info: WebRequest [Id: 9] 'http://nimbusserver:8000/app/tempFiles/popularProducts.json' registered to send (sync).	(./main.js:155:8)
[20:19:42.50] Trace: Request [Id: 9] 'http://nimbusserver:8000/app/tempFiles/popularProducts.json': 
GET /app/tempFiles/popularProducts.json HTTP/1.1
Host: nimbusserver:8000
User-Agent: Mozilla/5.0 (Windows NT 10.0; Win64; x64) AppleWebKit/537.36 (KHTML, like Gecko) Chrome/112.0.0.0 Safari/537.36
Accept: application/json, text/plain, */*
Accept-Encoding: gzip, deflate
Accept-Language: en-US,en;q=0.9
Proxy-Connection: keep-alive
Referer: http://nimbusserver:8000/


[20:19:42.50] Debug: Request [Id: 9]: GET 'http://nimbusserver:8000/app/tempFiles/popularProducts.json' started.
[20:19:42.50] Trace: Request [Id: 9]: Using existing connection from 192.168.228.159:52048 to 192.168.228.137:8000.
[20:19:42.50] Debug: Request [Id: 9]: GET 'http://nimbusserver:8000/app/tempFiles/popularProducts.json' done. Status 200 . HTTP/1.1
[20:19:42.50] Trace: Response 'http://nimbusserver:8000/app/tempFiles/popularProducts.json': 
HTTP/1.1 200 
Transfer-Encoding: chunked
Accept-Ranges: bytes
Cache-Control: max-age=0
Content-Encoding: gzip
Content-Type: application/json
Date: Sun, 16 Apr 2023 20:19:42 GMT
Etag: W/"2323-1681323514000"
Expires: Sun, 16 Apr 2023 20:19:42 GMT
Keep-Alive: timeout=20
Last-Modified: Wed, 12 Apr 2023 18:18:34 GMT
Vary: accept-encoding


[20:19:42.50] Info: WebRequest [Id: 9] 'http://nimbusserver:8000/app/tempFiles/popularProducts.json' completed. (1 request(s) sent, 348 bytes downloaded)	(./main.js:155:8)
[20:19:42.51] Info: WebRequest [Id: 10] 'http://nimbusserver:8000/app/views/home-page.html' registered to send (sync).	(./main.js:169:8)
[20:19:42.51] Trace: Request [Id: 10] 'http://nimbusserver:8000/app/views/home-page.html': 
GET /app/views/home-page.html HTTP/1.1
Host: nimbusserver:8000
User-Agent: Mozilla/5.0 (Windows NT 10.0; Win64; x64) AppleWebKit/537.36 (KHTML, like Gecko) Chrome/112.0.0.0 Safari/537.36
Accept: text/html
Accept-Encoding: gzip, deflate
Accept-Language: en-US,en;q=0.9
Proxy-Connection: keep-alive
Referer: http://nimbusserver:8000/


[20:19:42.51] Debug: Request [Id: 10]: GET 'http://nimbusserver:8000/app/views/home-page.html' started.
[20:19:42.51] Trace: Request [Id: 10]: Using existing connection from 192.168.228.159:52048 to 192.168.228.137:8000.
[20:19:42.51] Debug: Request [Id: 10]: GET 'http://nimbusserver:8000/app/views/home-page.html' done. Status 200 . HTTP/1.1
[20:19:42.51] Trace: Response 'http://nimbusserver:8000/app/views/home-page.html': 
HTTP/1.1 200 
Transfer-Encoding: chunked
Accept-Ranges: bytes
Cache-Control: max-age=0
Content-Encoding: gzip
Content-Type: text/html
Date: Sun, 16 Apr 2023 20:19:42 GMT
Etag: W/"12463-1681323514000"
Expires: Sun, 16 Apr 2023 20:19:42 GMT
Keep-Alive: timeout=20
Last-Modified: Wed, 12 Apr 2023 18:18:34 GMT
Vary: accept-encoding


[20:19:42.51] Info: WebRequest [Id: 10] 'http://nimbusserver:8000/app/views/home-page.html' completed. (1 request(s) sent, 342 bytes downloaded)	(./main.js:169:8)
[20:19:42.51] Info: WebRequest [Id: 11] 'http://nimbusserver.aos.com:8002/catalog/api/v1/categories/4/products' registered to send (sync).	(./main.js:184:8)
[20:19:42.51] Trace: Request [Id: 11] 'http://nimbusserver.aos.com:8002/catalog/api/v1/categories/4/products': 
GET /catalog/api/v1/categories/4/products HTTP/1.1
Host: nimbusserver.aos.com:8002
User-Agent: Mozilla/5.0 (Windows NT 10.0; Win64; x64) AppleWebKit/537.36 (KHTML, like Gecko) Chrome/112.0.0.0 Safari/537.36
Accept: application/json, text/plain, */*
Accept-Encoding: gzip, deflate
Accept-Language: en-US,en;q=0.9
Origin: http://nimbusserver:8000
Proxy-Connection: keep-alive
Referer: http://nimbusserver:8000/


[20:19:42.51] Debug: Request [Id: 11]: GET 'http://nimbusserver.aos.com:8002/catalog/api/v1/categories/4/products' started.
[20:19:42.51] Trace: Request [Id: 11]: Using existing connection from 192.168.228.159:52049 to 192.168.228.137:8002.
[20:19:42.57] Debug: Request [Id: 11]: GET 'http://nimbusserver.aos.com:8002/catalog/api/v1/categories/4/products' done. Status 200 . HTTP/1.1
[20:19:42.57] Trace: Response 'http://nimbusserver.aos.com:8002/catalog/api/v1/categories/4/products': 
HTTP/1.1 200 
Transfer-Encoding: chunked
Access-Control-Allow-Credentials: true
Access-Control-Allow-Origin: http://nimbusserver:8000
Cache-Control: no-store
Content-Encoding: gzip
Content-Type: application/json
Date: Sun, 16 Apr 2023 20:19:42 GMT
Expires: 0
Vary: accept-encoding,origin,accept-encoding
X-Content-Type-Options: nosniff
X-Frame-Options: DENY
X-Xss-Protection: 1; mode=block


[20:19:42.57] Info: WebRequest [Id: 11] 'http://nimbusserver.aos.com:8002/catalog/api/v1/categories/4/products' completed. (1 request(s) sent, 404 bytes downloaded)	(./main.js:184:8)
[20:19:42.57] Info: WebRequest [Id: 12] 'http://nimbusserver.aos.com:8002/catalog/api/v1/categories/attributes' registered to send (sync).	(./main.js:199:8)
[20:19:42.57] Trace: Request [Id: 12] 'http://nimbusserver.aos.com:8002/catalog/api/v1/categories/attributes': 
GET /catalog/api/v1/categories/attributes HTTP/1.1
Host: nimbusserver.aos.com:8002
User-Agent: Mozilla/5.0 (Windows NT 10.0; Win64; x64) AppleWebKit/537.36 (KHTML, like Gecko) Chrome/112.0.0.0 Safari/537.36
Accept: application/json, text/plain, */*
Accept-Encoding: gzip, deflate
Accept-Language: en-US,en;q=0.9
Origin: http://nimbusserver:8000
Proxy-Connection: keep-alive
Referer: http://nimbusserver:8000/


[20:19:42.57] Debug: Request [Id: 12]: GET 'http://nimbusserver.aos.com:8002/catalog/api/v1/categories/attributes' started.
[20:19:42.57] Trace: Request [Id: 12]: Using existing connection from 192.168.228.159:52049 to 192.168.228.137:8002.
[20:19:42.61] Debug: Request [Id: 12]: GET 'http://nimbusserver.aos.com:8002/catalog/api/v1/categories/attributes' done. Status 200 . HTTP/1.1
[20:19:42.61] Trace: Response 'http://nimbusserver.aos.com:8002/catalog/api/v1/categories/attributes': 
HTTP/1.1 200 
Transfer-Encoding: chunked
Access-Control-Allow-Credentials: true
Access-Control-Allow-Origin: http://nimbusserver:8000
Cache-Control: no-store
Content-Encoding: gzip
Content-Type: application/json
Date: Sun, 16 Apr 2023 20:19:42 GMT
Expires: 0
Vary: accept-encoding,origin,accept-encoding
X-Content-Type-Options: nosniff
X-Frame-Options: DENY
X-Xss-Protection: 1; mode=block


[20:19:42.61] Info: WebRequest [Id: 12] 'http://nimbusserver.aos.com:8002/catalog/api/v1/categories/attributes' completed. (1 request(s) sent, 404 bytes downloaded)	(./main.js:199:8)
[20:19:42.61] Info: WebRequest [Id: 13] 'http://nimbusserver:8000/app/views/category-page.html' registered to send (sync).	(./main.js:213:8)
[20:19:42.62] Trace: Request [Id: 13] 'http://nimbusserver:8000/app/views/category-page.html': 
GET /app/views/category-page.html HTTP/1.1
Host: nimbusserver:8000
User-Agent: Mozilla/5.0 (Windows NT 10.0; Win64; x64) AppleWebKit/537.36 (KHTML, like Gecko) Chrome/112.0.0.0 Safari/537.36
Accept: text/html
Accept-Encoding: gzip, deflate
Accept-Language: en-US,en;q=0.9
Proxy-Connection: keep-alive
Referer: http://nimbusserver:8000/


[20:19:42.62] Debug: Request [Id: 13]: GET 'http://nimbusserver:8000/app/views/category-page.html' started.
[20:19:42.62] Trace: Request [Id: 13]: Using existing connection from 192.168.228.159:52048 to 192.168.228.137:8000.
[20:19:42.62] Debug: Request [Id: 13]: GET 'http://nimbusserver:8000/app/views/category-page.html' done. Status 200 . HTTP/1.1
[20:19:42.62] Trace: Response 'http://nimbusserver:8000/app/views/category-page.html': 
HTTP/1.1 200 
Transfer-Encoding: chunked
Accept-Ranges: bytes
Cache-Control: max-age=0
Content-Type: text/html
Date: Sun, 16 Apr 2023 20:19:42 GMT
Etag: W/"1915-1681323514000"
Expires: Sun, 16 Apr 2023 20:19:42 GMT
Keep-Alive: timeout=20
Last-Modified: Wed, 12 Apr 2023 18:18:34 GMT


[20:19:42.62] Info: WebRequest [Id: 13] 'http://nimbusserver:8000/app/views/category-page.html' completed. (1 request(s) sent, 294 bytes downloaded)	(./main.js:213:8)
[20:19:42.62] Info: WebRequest [Id: 14] 'http://nimbusserver.aos.com:8002/catalog/api/v1/categories/all_data' registered to send (sync).	(./main.js:228:8)
[20:19:42.62] Trace: Request [Id: 14] 'http://nimbusserver.aos.com:8002/catalog/api/v1/categories/all_data': 
GET /catalog/api/v1/categories/all_data HTTP/1.1
Host: nimbusserver.aos.com:8002
User-Agent: Mozilla/5.0 (Windows NT 10.0; Win64; x64) AppleWebKit/537.36 (KHTML, like Gecko) Chrome/112.0.0.0 Safari/537.36
Accept: application/json, text/plain, */*
Accept-Encoding: gzip, deflate
Accept-Language: en-US,en;q=0.9
Origin: http://nimbusserver:8000
Proxy-Connection: keep-alive
Referer: http://nimbusserver:8000/


[20:19:42.62] Debug: Request [Id: 14]: GET 'http://nimbusserver.aos.com:8002/catalog/api/v1/categories/all_data' started.
[20:19:42.62] Trace: Request [Id: 14]: Using existing connection from 192.168.228.159:52049 to 192.168.228.137:8002.
[20:19:42.80] Debug: Request [Id: 14]: GET 'http://nimbusserver.aos.com:8002/catalog/api/v1/categories/all_data' done. Status 200 . HTTP/1.1
[20:19:42.80] Trace: Response 'http://nimbusserver.aos.com:8002/catalog/api/v1/categories/all_data': 
HTTP/1.1 200 
Transfer-Encoding: chunked
Access-Control-Allow-Credentials: true
Access-Control-Allow-Origin: http://nimbusserver:8000
Cache-Control: no-store
Content-Encoding: gzip
Content-Type: application/json
Date: Sun, 16 Apr 2023 20:19:42 GMT
Expires: 0
Vary: accept-encoding,origin,accept-encoding
X-Content-Type-Options: nosniff
X-Frame-Options: DENY
X-Xss-Protection: 1; mode=block


[20:19:42.80] Info: WebRequest [Id: 14] 'http://nimbusserver.aos.com:8002/catalog/api/v1/categories/all_data' completed. (1 request(s) sent, 404 bytes downloaded)	(./main.js:228:8)
[20:19:42.80] Info: WebRequest [Id: 15] 'http://nimbusserver.aos.com:8002/catalog/api/v1/products/25' registered to send (sync).	(./main.js:243:8)
[20:19:42.80] Trace: Request [Id: 15] 'http://nimbusserver.aos.com:8002/catalog/api/v1/products/25': 
GET /catalog/api/v1/products/25 HTTP/1.1
Host: nimbusserver.aos.com:8002
User-Agent: Mozilla/5.0 (Windows NT 10.0; Win64; x64) AppleWebKit/537.36 (KHTML, like Gecko) Chrome/112.0.0.0 Safari/537.36
Accept: application/json, text/plain, */*
Accept-Encoding: gzip, deflate
Accept-Language: en-US,en;q=0.9
Origin: http://nimbusserver:8000
Proxy-Connection: keep-alive
Referer: http://nimbusserver:8000/


[20:19:42.80] Debug: Request [Id: 15]: GET 'http://nimbusserver.aos.com:8002/catalog/api/v1/products/25' started.
[20:19:42.80] Trace: Request [Id: 15]: Using existing connection from 192.168.228.159:52049 to 192.168.228.137:8002.
[20:19:42.84] Debug: Request [Id: 15]: GET 'http://nimbusserver.aos.com:8002/catalog/api/v1/products/25' done. Status 200 . HTTP/1.1
[20:19:42.84] Trace: Response 'http://nimbusserver.aos.com:8002/catalog/api/v1/products/25': 
HTTP/1.1 200 
Transfer-Encoding: chunked
Access-Control-Allow-Credentials: true
Access-Control-Allow-Origin: http://nimbusserver:8000
Cache-Control: no-store
Content-Encoding: gzip
Content-Type: application/json
Date: Sun, 16 Apr 2023 20:19:42 GMT
Expires: 0
Vary: accept-encoding,origin,accept-encoding
X-Content-Type-Options: nosniff
X-Frame-Options: DENY
X-Xss-Protection: 1; mode=block


[20:19:42.84] Info: WebRequest [Id: 15] 'http://nimbusserver.aos.com:8002/catalog/api/v1/products/25' completed. (1 request(s) sent, 404 bytes downloaded)	(./main.js:243:8)
[20:19:42.84] Info: WebRequest [Id: 16] 'http://nimbusserver.aos.com:8002/catalog/api/v1/categories/4/products' registered to send (sync).	(./main.js:258:8)
[20:19:42.84] Trace: Request [Id: 16] 'http://nimbusserver.aos.com:8002/catalog/api/v1/categories/4/products': 
GET /catalog/api/v1/categories/4/products HTTP/1.1
Host: nimbusserver.aos.com:8002
User-Agent: Mozilla/5.0 (Windows NT 10.0; Win64; x64) AppleWebKit/537.36 (KHTML, like Gecko) Chrome/112.0.0.0 Safari/537.36
Accept: application/json, text/plain, */*
Accept-Encoding: gzip, deflate
Accept-Language: en-US,en;q=0.9
Origin: http://nimbusserver:8000
Proxy-Connection: keep-alive
Referer: http://nimbusserver:8000/


[20:19:42.84] Debug: Request [Id: 16]: GET 'http://nimbusserver.aos.com:8002/catalog/api/v1/categories/4/products' started.
[20:19:42.84] Trace: Request [Id: 16]: Using existing connection from 192.168.228.159:52049 to 192.168.228.137:8002.
[20:19:42.90] Debug: Request [Id: 16]: GET 'http://nimbusserver.aos.com:8002/catalog/api/v1/categories/4/products' done. Status 200 . HTTP/1.1
[20:19:42.90] Trace: Response 'http://nimbusserver.aos.com:8002/catalog/api/v1/categories/4/products': 
HTTP/1.1 200 
Transfer-Encoding: chunked
Access-Control-Allow-Credentials: true
Access-Control-Allow-Origin: http://nimbusserver:8000
Cache-Control: no-store
Content-Encoding: gzip
Content-Type: application/json
Date: Sun, 16 Apr 2023 20:19:42 GMT
Expires: 0
Vary: accept-encoding,origin,accept-encoding
X-Content-Type-Options: nosniff
X-Frame-Options: DENY
X-Xss-Protection: 1; mode=block


[20:19:42.90] Info: WebRequest [Id: 16] 'http://nimbusserver.aos.com:8002/catalog/api/v1/categories/4/products' completed. (1 request(s) sent, 404 bytes downloaded)	(./main.js:258:8)
[20:19:42.90] Info: WebRequest [Id: 17] 'http://nimbusserver:8000/app/views/product-page.html' registered to send (sync).	(./main.js:272:8)
[20:19:42.90] Trace: Request [Id: 17] 'http://nimbusserver:8000/app/views/product-page.html': 
GET /app/views/product-page.html HTTP/1.1
Host: nimbusserver:8000
User-Agent: Mozilla/5.0 (Windows NT 10.0; Win64; x64) AppleWebKit/537.36 (KHTML, like Gecko) Chrome/112.0.0.0 Safari/537.36
Accept: text/html
Accept-Encoding: gzip, deflate
Accept-Language: en-US,en;q=0.9
Proxy-Connection: keep-alive
Referer: http://nimbusserver:8000/


[20:19:42.90] Debug: Request [Id: 17]: GET 'http://nimbusserver:8000/app/views/product-page.html' started.
[20:19:42.90] Trace: Request [Id: 17]: Using existing connection from 192.168.228.159:52048 to 192.168.228.137:8000.
[20:19:42.91] Debug: Request [Id: 17]: GET 'http://nimbusserver:8000/app/views/product-page.html' done. Status 200 . HTTP/1.1
[20:19:42.91] Trace: Response 'http://nimbusserver:8000/app/views/product-page.html': 
HTTP/1.1 200 
Transfer-Encoding: chunked
Accept-Ranges: bytes
Cache-Control: max-age=0
Content-Encoding: gzip
Content-Type: text/html
Date: Sun, 16 Apr 2023 20:19:42 GMT
Etag: W/"8805-1681323514000"
Expires: Sun, 16 Apr 2023 20:19:42 GMT
Keep-Alive: timeout=20
Last-Modified: Wed, 12 Apr 2023 18:18:34 GMT
Vary: accept-encoding


[20:19:42.91] Info: WebRequest [Id: 17] 'http://nimbusserver:8000/app/views/product-page.html' completed. (1 request(s) sent, 341 bytes downloaded)	(./main.js:272:8)
[20:19:42.91] Info: WebRequest [Id: 18] 'http://nimbusserver:8000/app/views/shoppingCart.html' registered to send (sync).	(./main.js:286:8)
[20:19:42.91] Trace: Request [Id: 18] 'http://nimbusserver:8000/app/views/shoppingCart.html': 
GET /app/views/shoppingCart.html HTTP/1.1
Host: nimbusserver:8000
User-Agent: Mozilla/5.0 (Windows NT 10.0; Win64; x64) AppleWebKit/537.36 (KHTML, like Gecko) Chrome/112.0.0.0 Safari/537.36
Accept: text/html
Accept-Encoding: gzip, deflate
Accept-Language: en-US,en;q=0.9
Proxy-Connection: keep-alive
Referer: http://nimbusserver:8000/


[20:19:42.91] Debug: Request [Id: 18]: GET 'http://nimbusserver:8000/app/views/shoppingCart.html' started.
[20:19:42.91] Trace: Request [Id: 18]: Using existing connection from 192.168.228.159:52048 to 192.168.228.137:8000.
[20:19:42.91] Debug: Request [Id: 18]: GET 'http://nimbusserver:8000/app/views/shoppingCart.html' done. Status 200 . HTTP/1.1
[20:19:42.91] Trace: Response 'http://nimbusserver:8000/app/views/shoppingCart.html': 
HTTP/1.1 200 
Transfer-Encoding: chunked
Accept-Ranges: bytes
Cache-Control: max-age=0
Content-Encoding: gzip
Content-Type: text/html
Date: Sun, 16 Apr 2023 20:19:42 GMT
Etag: W/"6000-1681323514000"
Expires: Sun, 16 Apr 2023 20:19:42 GMT
Keep-Alive: timeout=20
Last-Modified: Wed, 12 Apr 2023 18:18:34 GMT
Vary: accept-encoding


[20:19:42.91] Info: WebRequest [Id: 18] 'http://nimbusserver:8000/app/views/shoppingCart.html' completed. (1 request(s) sent, 341 bytes downloaded)	(./main.js:286:8)
[20:19:42.91] Info: Ending iteration 1.
[20:19:42.91] Info: Starting finalize.
[20:19:42.91] Info: Ending finalize.
